Using pre-set license
Built from '2021.3/staging' branch; Version is '2021.3.18f1 (3129e69bc0c7) revision 3221990'; Using compiler version '192829333'; Build Type 'Release'
OS: 'Windows 10  (10.0.19045) 64bit Core' Language: 'en' Physical Memory: 16296 MB
BatchMode: 1, IsHumanControllingUs: 0, StartBugReporterOnCrash: 0, Is64bit: 1, IsPro: 1

COMMAND LINE ARGUMENTS:
C:\Program Files\Unity\Hub\Editor\2021.3.18f1\Editor\Unity.exe
-adb2
-batchMode
-noUpm
-name
AssetImportWorker0
-projectPath
C:/Users/kylek/Desktop/Homework/2022-2023/Winter 22/INF 191a/2022_18m_web-based_game/NASA Psyche Game
-logFile
Logs/AssetImportWorker0.log
-srvPort
55908
Successfully changed project path to: C:/Users/kylek/Desktop/Homework/2022-2023/Winter 22/INF 191a/2022_18m_web-based_game/NASA Psyche Game
C:/Users/kylek/Desktop/Homework/2022-2023/Winter 22/INF 191a/2022_18m_web-based_game/NASA Psyche Game
[UnityMemory] Configuration Parameters - Can be set up in boot.config
    "memorysetup-bucket-allocator-granularity=16"
    "memorysetup-bucket-allocator-bucket-count=8"
    "memorysetup-bucket-allocator-block-size=33554432"
    "memorysetup-bucket-allocator-block-count=8"
    "memorysetup-main-allocator-block-size=16777216"
    "memorysetup-thread-allocator-block-size=16777216"
    "memorysetup-gfx-main-allocator-block-size=16777216"
    "memorysetup-gfx-thread-allocator-block-size=16777216"
    "memorysetup-cache-allocator-block-size=4194304"
    "memorysetup-typetree-allocator-block-size=2097152"
    "memorysetup-profiler-bucket-allocator-granularity=16"
    "memorysetup-profiler-bucket-allocator-bucket-count=8"
    "memorysetup-profiler-bucket-allocator-block-size=33554432"
    "memorysetup-profiler-bucket-allocator-block-count=8"
    "memorysetup-profiler-allocator-block-size=16777216"
    "memorysetup-profiler-editor-allocator-block-size=1048576"
    "memorysetup-temp-allocator-size-main=16777216"
    "memorysetup-job-temp-allocator-block-size=2097152"
    "memorysetup-job-temp-allocator-block-size-background=1048576"
    "memorysetup-job-temp-allocator-reduction-small-platforms=262144"
    "memorysetup-temp-allocator-size-background-worker=32768"
    "memorysetup-temp-allocator-size-job-worker=262144"
    "memorysetup-temp-allocator-size-preload-manager=33554432"
    "memorysetup-temp-allocator-size-nav-mesh-worker=65536"
    "memorysetup-temp-allocator-size-audio-worker=65536"
    "memorysetup-temp-allocator-size-cloud-worker=32768"
    "memorysetup-temp-allocator-size-gi-baking-worker=262144"
    "memorysetup-temp-allocator-size-gfx=262144"
Player connection [4200] Host "[IP] 192.168.1.13 [Port] 0 [Flags] 2 [Guid] 1190195715 [EditorId] 1190195715 [Version] 1048832 [Id] WindowsEditor(7,DESKTOP-4ODGCTM) [Debug] 1 [PackageName] WindowsEditor [ProjectName] Editor" joined multi-casting on [225.0.0.222:54997]...

Player connection [4200] Host "[IP] 192.168.1.13 [Port] 0 [Flags] 2 [Guid] 1190195715 [EditorId] 1190195715 [Version] 1048832 [Id] WindowsEditor(7,DESKTOP-4ODGCTM) [Debug] 1 [PackageName] WindowsEditor [ProjectName] Editor" joined alternative multi-casting on [225.0.0.222:34997]...

Refreshing native plugins compatible for Editor in 123.36 ms, found 4 plugins.
Preloading 0 native plugins for Editor in 0.00 ms.
Initialize engine version: 2021.3.18f1 (3129e69bc0c7)
[Subsystems] Discovering subsystems at path C:/Program Files/Unity/Hub/Editor/2021.3.18f1/Editor/Data/Resources/UnitySubsystems
[Subsystems] Discovering subsystems at path C:/Users/kylek/Desktop/Homework/2022-2023/Winter 22/INF 191a/2022_18m_web-based_game/NASA Psyche Game/Assets
GfxDevice: creating device client; threaded=0; jobified=0
Direct3D:
    Version:  Direct3D 11.0 [level 11.1]
    Renderer: NVIDIA GeForce RTX 3060 Ti (ID=0x2486)
    Vendor:   NVIDIA
    VRAM:     8038 MB
    Driver:   31.0.15.2698
Initialize mono
Mono path[0] = 'C:/Program Files/Unity/Hub/Editor/2021.3.18f1/Editor/Data/Managed'
Mono path[1] = 'C:/Program Files/Unity/Hub/Editor/2021.3.18f1/Editor/Data/MonoBleedingEdge/lib/mono/unityjit-win32'
Mono config path = 'C:/Program Files/Unity/Hub/Editor/2021.3.18f1/Editor/Data/MonoBleedingEdge/etc'
Using monoOptions --debugger-agent=transport=dt_socket,embedding=1,server=y,suspend=n,address=127.0.0.1:56228
Begin MonoManager ReloadAssembly
Registering precompiled unity dll's ...
Register platform support module: C:/Program Files/Unity/Hub/Editor/2021.3.18f1/Editor/Data/PlaybackEngines/WindowsStandaloneSupport/UnityEditor.WindowsStandalone.Extensions.dll
Registered in 0.009695 seconds.
Native extension for WindowsStandalone target not found
Refreshing native plugins compatible for Editor in 121.05 ms, found 4 plugins.
Preloading 0 native plugins for Editor in 0.00 ms.
Mono: successfully reloaded assembly
- Completed reload, in  0.832 seconds
Domain Reload Profiling:
	ReloadAssembly (833ms)
		BeginReloadAssembly (93ms)
			ExecutionOrderSort (0ms)
			DisableScriptedObjects (0ms)
			BackupInstance (0ms)
			ReleaseScriptingObjects (0ms)
			CreateAndSetChildDomain (1ms)
		EndReloadAssembly (595ms)
			LoadAssemblies (90ms)
			RebuildTransferFunctionScriptingTraits (0ms)
			SetupTypeCache (125ms)
			ReleaseScriptCaches (0ms)
			RebuildScriptCaches (33ms)
			SetupLoadedEditorAssemblies (373ms)
				LogAssemblyErrors (0ms)
				InitializePlatformSupportModulesInManaged (10ms)
				SetLoadedEditorAssemblies (0ms)
				RefreshPlugins (121ms)
				BeforeProcessingInitializeOnLoad (2ms)
				ProcessInitializeOnLoadAttributes (181ms)
				ProcessInitializeOnLoadMethodAttributes (59ms)
				AfterProcessingInitializeOnLoad (0ms)
				EditorAssembliesLoaded (0ms)
			ExecutionOrderSort2 (0ms)
			AwakeInstancesAfterBackupRestoration (0ms)
Platform modules already initialized, skipping
Registering precompiled user dll's ...
Registered in 0.008294 seconds.
Begin MonoManager ReloadAssembly
Symbol file LoadedFromMemory doesn't match image C:\Users\kylek\Desktop\Homework\2022-2023\Winter 22\INF 191a\2022_18m_web-based_game\NASA Psyche Game\Library\PackageCache\com.unity.visualscripting@1.8.0\Editor\VisualScripting.Core\Dependencies\YamlDotNet\Unity.VisualScripting.YamlDotNet.dll
Symbol file LoadedFromMemory doesn't match image C:\Users\kylek\Desktop\Homework\2022-2023\Winter 22\INF 191a\2022_18m_web-based_game\NASA Psyche Game\Library\PackageCache\com.unity.visualscripting@1.8.0\Editor\VisualScripting.Core\Dependencies\DotNetZip\Unity.VisualScripting.IonicZip.dll
Native extension for WindowsStandalone target not found
Refreshing native plugins compatible for Editor in 123.24 ms, found 4 plugins.
Preloading 0 native plugins for Editor in 0.00 ms.
Mono: successfully reloaded assembly
- Completed reload, in  1.649 seconds
Domain Reload Profiling:
	ReloadAssembly (1650ms)
		BeginReloadAssembly (142ms)
			ExecutionOrderSort (0ms)
			DisableScriptedObjects (10ms)
			BackupInstance (0ms)
			ReleaseScriptingObjects (0ms)
			CreateAndSetChildDomain (24ms)
		EndReloadAssembly (1354ms)
			LoadAssemblies (101ms)
			RebuildTransferFunctionScriptingTraits (0ms)
			SetupTypeCache (289ms)
			ReleaseScriptCaches (1ms)
			RebuildScriptCaches (71ms)
			SetupLoadedEditorAssemblies (828ms)
				LogAssemblyErrors (0ms)
				InitializePlatformSupportModulesInManaged (6ms)
				SetLoadedEditorAssemblies (0ms)
				RefreshPlugins (123ms)
				BeforeProcessingInitializeOnLoad (133ms)
				ProcessInitializeOnLoadAttributes (506ms)
				ProcessInitializeOnLoadMethodAttributes (50ms)
				AfterProcessingInitializeOnLoad (9ms)
				EditorAssembliesLoaded (0ms)
			ExecutionOrderSort2 (0ms)
			AwakeInstancesAfterBackupRestoration (7ms)
Platform modules already initialized, skipping
========================================================================
Worker process is ready to serve import requests
Launched and connected shader compiler UnityShaderCompiler.exe after 0.06 seconds
Refreshing native plugins compatible for Editor in 0.73 ms, found 4 plugins.
Preloading 0 native plugins for Editor in 0.00 ms.
Unloading 3756 Unused Serialized files (Serialized files now loaded: 0)
Unloading 40 unused Assets / (185.7 KB). Loaded Objects now: 4212.
Memory consumption went from 146.7 MB to 146.5 MB.
Total: 4.766000 ms (FindLiveObjects: 0.342800 ms CreateObjectMapping: 0.116400 ms MarkObjects: 4.103700 ms  DeleteObjects: 0.201500 ms)

AssetImportParameters requested are different than current active one (requested -> active):
  custom:video-decoder-ogg-theora: a1e56fd34408186e4bbccfd4996cb3dc -> 
  custom:container-muxer-webm: aa71ff27fc2769a1b78a27578f13a17b -> 
  custom:container-demuxer-webm: 4f35f7cbe854078d1ac9338744f61a02 -> 
  custom:video-encoder-webm-vp8: eb34c28f22e8b96e1ab97ce403110664 -> 
  custom:audio-encoder-webm-vorbis: bf7c407c2cedff20999df2af8eb42d56 -> 
  custom:framework-win-MediaFoundation: 216162199b28c13a410421893ffa2e32 -> 
  custom:container-demuxer-ogg: 62fdf1f143b41e24485cea50d1cbac27 -> 
  custom:video-decoder-webm-vp8: 9c59270c3fd7afecdb556c50c9e8de78 -> 
  custom:audio-decoder-ogg-vorbis: bf7c407c2cedff20999df2af8eb42d56 -> 
========================================================================
Received Import Request.
  Time since last request: 367223.698910 seconds.
  path: Assets/Artwork/Tileset/interiorwall1.png
  artifactKey: Guid(cb38ecc0647571448b68b0cd2a8fbb10) Importer(815301076,1909f56bfc062723c751e8b465ee728b)
Start importing Assets/Artwork/Tileset/interiorwall1.png using Guid(cb38ecc0647571448b68b0cd2a8fbb10) Importer(815301076,1909f56bfc062723c751e8b465ee728b)  -> (artifact id: '24df9c99de0d27120fd5af61d8a78384') in 0.156055 seconds 
========================================================================
Received Import Request.
  Time since last request: 3.058776 seconds.
  path: Assets/Artwork/Tileset/interiorwall2.png
  artifactKey: Guid(90e928a0926d7ee4aa59095258004f4c) Importer(815301076,1909f56bfc062723c751e8b465ee728b)
Start importing Assets/Artwork/Tileset/interiorwall2.png using Guid(90e928a0926d7ee4aa59095258004f4c) Importer(815301076,1909f56bfc062723c751e8b465ee728b)  -> (artifact id: '03c926b947e58801dff661607853b6d9') in 0.012680 seconds 
========================================================================
Received Import Request.
  Time since last request: 0.599922 seconds.
  path: Assets/Artwork/Tileset/interiorwallleft.png
  artifactKey: Guid(4d5a59d8f1345a04bafb6425303522fb) Importer(815301076,1909f56bfc062723c751e8b465ee728b)
Start importing Assets/Artwork/Tileset/interiorwallleft.png using Guid(4d5a59d8f1345a04bafb6425303522fb) Importer(815301076,1909f56bfc062723c751e8b465ee728b)  -> (artifact id: '177c89643b8abd629e047ab6794f08be') in 0.013018 seconds 
========================================================================
Received Import Request.
  Time since last request: 3.087817 seconds.
  path: Assets/Artwork/Tileset/interiorwallleft.png
  artifactKey: Guid(4d5a59d8f1345a04bafb6425303522fb) Importer(815301076,1909f56bfc062723c751e8b465ee728b)
Start importing Assets/Artwork/Tileset/interiorwallleft.png using Guid(4d5a59d8f1345a04bafb6425303522fb) Importer(815301076,1909f56bfc062723c751e8b465ee728b)  -> (artifact id: '0ab2dd6762aec77766215fd96ff5a202') in 0.017217 seconds 
========================================================================
Received Import Request.
  Time since last request: 0.546678 seconds.
  path: Assets/Artwork/Tileset/interiorwallright.png
  artifactKey: Guid(eaa7921fad31e864eb9222496e185558) Importer(815301076,1909f56bfc062723c751e8b465ee728b)
Start importing Assets/Artwork/Tileset/interiorwallright.png using Guid(eaa7921fad31e864eb9222496e185558) Importer(815301076,1909f56bfc062723c751e8b465ee728b)  -> (artifact id: '2a33cbe3f5830d9e7d1e0283e503b291') in 0.014835 seconds 
========================================================================
Received Import Request.
  Time since last request: 2.901370 seconds.
  path: Assets/Artwork/Tileset/interiorwallright.png
  artifactKey: Guid(eaa7921fad31e864eb9222496e185558) Importer(815301076,1909f56bfc062723c751e8b465ee728b)
Start importing Assets/Artwork/Tileset/interiorwallright.png using Guid(eaa7921fad31e864eb9222496e185558) Importer(815301076,1909f56bfc062723c751e8b465ee728b)  -> (artifact id: '27d4c86e888653f585e2504be6dac787') in 0.018934 seconds 
========================================================================
Received Import Request.
  Time since last request: 115.512161 seconds.
  path: Assets/Artwork/Tileset Assets/interiorwall1.asset
  artifactKey: Guid(39f06b356a8dd2944820da6f53f7de4f) Importer(815301076,1909f56bfc062723c751e8b465ee728b)
Start importing Assets/Artwork/Tileset Assets/interiorwall1.asset using Guid(39f06b356a8dd2944820da6f53f7de4f) Importer(815301076,1909f56bfc062723c751e8b465ee728b)  -> (artifact id: '92fab5a87e1c24a67c9e13d7f1463127') in 0.009704 seconds 
========================================================================
Received Import Request.
  Time since last request: 1.345888 seconds.
  path: Assets/Artwork/Tileset Assets/interiorwallright.asset
  artifactKey: Guid(de4ff9c2f911e1543b2b1eb3ddfadb77) Importer(815301076,1909f56bfc062723c751e8b465ee728b)
Start importing Assets/Artwork/Tileset Assets/interiorwallright.asset using Guid(de4ff9c2f911e1543b2b1eb3ddfadb77) Importer(815301076,1909f56bfc062723c751e8b465ee728b)  -> (artifact id: 'd05d76bbaa956e07927163ab1aa7f1d4') in 0.003931 seconds 
========================================================================
Received Import Request.
  Time since last request: 752.004812 seconds.
  path: Assets/Artwork/Tileset/intWallLeft.png
  artifactKey: Guid(9edfd71897e1bab478f0f6faa8bbbec3) Importer(815301076,1909f56bfc062723c751e8b465ee728b)
Start importing Assets/Artwork/Tileset/intWallLeft.png using Guid(9edfd71897e1bab478f0f6faa8bbbec3) Importer(815301076,1909f56bfc062723c751e8b465ee728b)  -> (artifact id: 'a4e83b3bcd1bb3e564f7aa1963c5e02c') in 0.015130 seconds 
========================================================================
Received Import Request.
  Time since last request: 2.864288 seconds.
  path: Assets/Artwork/Tileset/intWallLeft.png
  artifactKey: Guid(9edfd71897e1bab478f0f6faa8bbbec3) Importer(815301076,1909f56bfc062723c751e8b465ee728b)
Start importing Assets/Artwork/Tileset/intWallLeft.png using Guid(9edfd71897e1bab478f0f6faa8bbbec3) Importer(815301076,1909f56bfc062723c751e8b465ee728b)  -> (artifact id: 'd3bf0700f07f4d2d882b86f1730d3bac') in 0.012192 seconds 
========================================================================
Received Import Request.
  Time since last request: 0.577966 seconds.
  path: Assets/Artwork/Tileset/intWallMid.png
  artifactKey: Guid(0c3883ca2c1c9404a9aa6f27d7f336c6) Importer(815301076,1909f56bfc062723c751e8b465ee728b)
Start importing Assets/Artwork/Tileset/intWallMid.png using Guid(0c3883ca2c1c9404a9aa6f27d7f336c6) Importer(815301076,1909f56bfc062723c751e8b465ee728b)  -> (artifact id: 'fd69eaece21348c8421525ef13067f99') in 0.012710 seconds 
========================================================================
Received Import Request.
  Time since last request: 2.901339 seconds.
  path: Assets/Artwork/Tileset/intWallMid.png
  artifactKey: Guid(0c3883ca2c1c9404a9aa6f27d7f336c6) Importer(815301076,1909f56bfc062723c751e8b465ee728b)
Start importing Assets/Artwork/Tileset/intWallMid.png using Guid(0c3883ca2c1c9404a9aa6f27d7f336c6) Importer(815301076,1909f56bfc062723c751e8b465ee728b)  -> (artifact id: '0a551c75a74d65bcb6f58933398077b1') in 0.012937 seconds 
========================================================================
Received Import Request.
  Time since last request: 0.975008 seconds.
  path: Assets/Artwork/Tileset/intWallRight.png
  artifactKey: Guid(f1ab692d40ee6e74ba23b7ee7640083a) Importer(815301076,1909f56bfc062723c751e8b465ee728b)
Start importing Assets/Artwork/Tileset/intWallRight.png using Guid(f1ab692d40ee6e74ba23b7ee7640083a) Importer(815301076,1909f56bfc062723c751e8b465ee728b)  -> (artifact id: 'b3e6ab6b4e3fa2bb2e6ae5120b9d9c71') in 0.013109 seconds 
========================================================================
Received Import Request.
  Time since last request: 2.642572 seconds.
  path: Assets/Artwork/Tileset/intWallRight.png
  artifactKey: Guid(f1ab692d40ee6e74ba23b7ee7640083a) Importer(815301076,1909f56bfc062723c751e8b465ee728b)
Start importing Assets/Artwork/Tileset/intWallRight.png using Guid(f1ab692d40ee6e74ba23b7ee7640083a) Importer(815301076,1909f56bfc062723c751e8b465ee728b)  -> (artifact id: '47254cb94f6b82d5b800c8447480ef63') in 0.012590 seconds 
========================================================================
Received Import Request.
  Time since last request: 55.109711 seconds.
  path: Assets/Artwork/Tileset/intWallRight.png
  artifactKey: Guid(f1ab692d40ee6e74ba23b7ee7640083a) Importer(815301076,1909f56bfc062723c751e8b465ee728b)
Start importing Assets/Artwork/Tileset/intWallRight.png using Guid(f1ab692d40ee6e74ba23b7ee7640083a) Importer(815301076,1909f56bfc062723c751e8b465ee728b)  -> (artifact id: 'a5410ddeed121d5d21c191108b718fc7') in 0.008591 seconds 
========================================================================
Received Import Request.
  Time since last request: 7.500273 seconds.
  path: Assets/Artwork/Tileset/intWallMid.png
  artifactKey: Guid(0c3883ca2c1c9404a9aa6f27d7f336c6) Importer(815301076,1909f56bfc062723c751e8b465ee728b)
Start importing Assets/Artwork/Tileset/intWallMid.png using Guid(0c3883ca2c1c9404a9aa6f27d7f336c6) Importer(815301076,1909f56bfc062723c751e8b465ee728b)  -> (artifact id: 'ad2761cd3023c366aec53617f000de2c') in 0.008775 seconds 
========================================================================
Received Import Request.
  Time since last request: 2.970170 seconds.
  path: Assets/Artwork/Tileset/intWallLeft.png
  artifactKey: Guid(9edfd71897e1bab478f0f6faa8bbbec3) Importer(815301076,1909f56bfc062723c751e8b465ee728b)
Start importing Assets/Artwork/Tileset/intWallLeft.png using Guid(9edfd71897e1bab478f0f6faa8bbbec3) Importer(815301076,1909f56bfc062723c751e8b465ee728b)  -> (artifact id: 'd5aa93dce29d5c467edeeff909b35e1e') in 0.008390 seconds 
========================================================================
Received Import Request.
  Time since last request: 12.549256 seconds.
  path: Assets/Artwork/Tileset/intWallLeft.png
  artifactKey: Guid(9edfd71897e1bab478f0f6faa8bbbec3) Importer(815301076,1909f56bfc062723c751e8b465ee728b)
Start importing Assets/Artwork/Tileset/intWallLeft.png using Guid(9edfd71897e1bab478f0f6faa8bbbec3) Importer(815301076,1909f56bfc062723c751e8b465ee728b)  -> (artifact id: '16a75430c7826846d9878dc86360fb58') in 0.010043 seconds 
========================================================================
Received Import Request.
  Time since last request: 11.455487 seconds.
  path: Assets/Artwork/Tileset/intWallLeft.png
  artifactKey: Guid(9edfd71897e1bab478f0f6faa8bbbec3) Importer(815301076,1909f56bfc062723c751e8b465ee728b)
Start importing Assets/Artwork/Tileset/intWallLeft.png using Guid(9edfd71897e1bab478f0f6faa8bbbec3) Importer(815301076,1909f56bfc062723c751e8b465ee728b)  -> (artifact id: '59d8c0d076220aa24751763817f0239e') in 0.010109 seconds 
========================================================================
Received Import Request.
  Time since last request: 12.389409 seconds.
  path: Assets/Artwork/Tileset/intWallLeft.png
  artifactKey: Guid(9edfd71897e1bab478f0f6faa8bbbec3) Importer(815301076,1909f56bfc062723c751e8b465ee728b)
Start importing Assets/Artwork/Tileset/intWallLeft.png using Guid(9edfd71897e1bab478f0f6faa8bbbec3) Importer(815301076,1909f56bfc062723c751e8b465ee728b)  -> (artifact id: 'd68df3a7034d8d4d131dce6861ecdc18') in 0.008478 seconds 
========================================================================
Received Import Request.
  Time since last request: 13.438409 seconds.
  path: Assets/Artwork/Tileset/intWallLeft.png
  artifactKey: Guid(9edfd71897e1bab478f0f6faa8bbbec3) Importer(815301076,1909f56bfc062723c751e8b465ee728b)
Start importing Assets/Artwork/Tileset/intWallLeft.png using Guid(9edfd71897e1bab478f0f6faa8bbbec3) Importer(815301076,1909f56bfc062723c751e8b465ee728b)  -> (artifact id: 'b0eb577c9d6205f6a57ee2609352f2eb') in 0.014199 seconds 
========================================================================
Received Import Request.
  Time since last request: 7.203846 seconds.
  path: Assets/Artwork/Tileset/intWallLeft.png
  artifactKey: Guid(9edfd71897e1bab478f0f6faa8bbbec3) Importer(815301076,1909f56bfc062723c751e8b465ee728b)
Start importing Assets/Artwork/Tileset/intWallLeft.png using Guid(9edfd71897e1bab478f0f6faa8bbbec3) Importer(815301076,1909f56bfc062723c751e8b465ee728b)  -> (artifact id: 'a947b8d5349d86af91b056b45b3b602f') in 0.011405 seconds 
========================================================================
Received Import Request.
  Time since last request: 15.052958 seconds.
  path: Assets/Artwork/Tileset/intWallLeft.png
  artifactKey: Guid(9edfd71897e1bab478f0f6faa8bbbec3) Importer(815301076,1909f56bfc062723c751e8b465ee728b)
Start importing Assets/Artwork/Tileset/intWallLeft.png using Guid(9edfd71897e1bab478f0f6faa8bbbec3) Importer(815301076,1909f56bfc062723c751e8b465ee728b)  -> (artifact id: '0a2ce9e92851cecd644538dc5383d674') in 0.011114 seconds 
========================================================================
Received Import Request.
  Time since last request: 13.291721 seconds.
  path: Assets/Artwork/Tileset/intWallLeft.png
  artifactKey: Guid(9edfd71897e1bab478f0f6faa8bbbec3) Importer(815301076,1909f56bfc062723c751e8b465ee728b)
Start importing Assets/Artwork/Tileset/intWallLeft.png using Guid(9edfd71897e1bab478f0f6faa8bbbec3) Importer(815301076,1909f56bfc062723c751e8b465ee728b)  -> (artifact id: '23fe802b2b57ae89a610b443f70d40a3') in 0.009978 seconds 
========================================================================
Received Import Request.
  Time since last request: 6.380928 seconds.
  path: Assets/Artwork/Tileset/intWallLeft.png
  artifactKey: Guid(9edfd71897e1bab478f0f6faa8bbbec3) Importer(815301076,1909f56bfc062723c751e8b465ee728b)
Start importing Assets/Artwork/Tileset/intWallLeft.png using Guid(9edfd71897e1bab478f0f6faa8bbbec3) Importer(815301076,1909f56bfc062723c751e8b465ee728b)  -> (artifact id: 'fb555b08f635c383d6407320a0c1ca9c') in 0.009603 seconds 
========================================================================
Received Import Request.
  Time since last request: 17.560706 seconds.
  path: Assets/Artwork/Tileset/intWallMid.png
  artifactKey: Guid(0c3883ca2c1c9404a9aa6f27d7f336c6) Importer(815301076,1909f56bfc062723c751e8b465ee728b)
Start importing Assets/Artwork/Tileset/intWallMid.png using Guid(0c3883ca2c1c9404a9aa6f27d7f336c6) Importer(815301076,1909f56bfc062723c751e8b465ee728b)  -> (artifact id: '23904023d62a932b51afcf67e8712f01') in 0.010022 seconds 
========================================================================
Received Import Request.
  Time since last request: 5.779032 seconds.
  path: Assets/Artwork/Tileset/intWallRight.png
  artifactKey: Guid(f1ab692d40ee6e74ba23b7ee7640083a) Importer(815301076,1909f56bfc062723c751e8b465ee728b)
Start importing Assets/Artwork/Tileset/intWallRight.png using Guid(f1ab692d40ee6e74ba23b7ee7640083a) Importer(815301076,1909f56bfc062723c751e8b465ee728b)  -> (artifact id: '6927e705ed55b142ceb980dd9c7cdf29') in 0.009302 seconds 
========================================================================
Received Import Request.
  Time since last request: 62.189841 seconds.
  path: Assets/Artwork/Tileset/intWallRight.png
  artifactKey: Guid(f1ab692d40ee6e74ba23b7ee7640083a) Importer(815301076,1909f56bfc062723c751e8b465ee728b)
Start importing Assets/Artwork/Tileset/intWallRight.png using Guid(f1ab692d40ee6e74ba23b7ee7640083a) Importer(815301076,1909f56bfc062723c751e8b465ee728b)  -> (artifact id: 'd92946b7b9d2c4e5efb140343feb8b6a') in 0.009175 seconds 
========================================================================
Received Prepare
Registering precompiled user dll's ...
Registered in 0.009018 seconds.
Begin MonoManager ReloadAssembly
Symbol file LoadedFromMemory doesn't match image C:\Users\kylek\Desktop\Homework\2022-2023\Winter 22\INF 191a\2022_18m_web-based_game\NASA Psyche Game\Library\PackageCache\com.unity.visualscripting@1.8.0\Editor\VisualScripting.Core\Dependencies\YamlDotNet\Unity.VisualScripting.YamlDotNet.dll
Symbol file LoadedFromMemory doesn't match image C:\Users\kylek\Desktop\Homework\2022-2023\Winter 22\INF 191a\2022_18m_web-based_game\NASA Psyche Game\Library\PackageCache\com.unity.visualscripting@1.8.0\Editor\VisualScripting.Core\Dependencies\DotNetZip\Unity.VisualScripting.IonicZip.dll
Native extension for WindowsStandalone target not found
Refreshing native plugins compatible for Editor in 1.04 ms, found 4 plugins.
Preloading 0 native plugins for Editor in 0.00 ms.
Mono: successfully reloaded assembly
- Completed reload, in  1.608 seconds
Domain Reload Profiling:
	ReloadAssembly (1609ms)
		BeginReloadAssembly (154ms)
			ExecutionOrderSort (0ms)
			DisableScriptedObjects (9ms)
			BackupInstance (0ms)
			ReleaseScriptingObjects (0ms)
			CreateAndSetChildDomain (44ms)
		EndReloadAssembly (1321ms)
			LoadAssemblies (106ms)
			RebuildTransferFunctionScriptingTraits (0ms)
			SetupTypeCache (375ms)
			ReleaseScriptCaches (2ms)
			RebuildScriptCaches (61ms)
			SetupLoadedEditorAssemblies (698ms)
				LogAssemblyErrors (0ms)
				InitializePlatformSupportModulesInManaged (18ms)
				SetLoadedEditorAssemblies (1ms)
				RefreshPlugins (1ms)
				BeforeProcessingInitializeOnLoad (104ms)
				ProcessInitializeOnLoadAttributes (518ms)
				ProcessInitializeOnLoadMethodAttributes (45ms)
				AfterProcessingInitializeOnLoad (11ms)
				EditorAssembliesLoaded (0ms)
			ExecutionOrderSort2 (0ms)
			AwakeInstancesAfterBackupRestoration (12ms)
Platform modules already initialized, skipping
Refreshing native plugins compatible for Editor in 3.27 ms, found 4 plugins.
Preloading 0 native plugins for Editor in 0.00 ms.
Unloading 3737 Unused Serialized files (Serialized files now loaded: 0)
Unloading 27 unused Assets / (152.2 KB). Loaded Objects now: 4223.
Memory consumption went from 149.1 MB to 149.0 MB.
Total: 5.088400 ms (FindLiveObjects: 0.367600 ms CreateObjectMapping: 0.129700 ms MarkObjects: 4.396700 ms  DeleteObjects: 0.193100 ms)

AssetImportParameters requested are different than current active one (requested -> active):
  custom:video-decoder-ogg-theora: a1e56fd34408186e4bbccfd4996cb3dc -> 
  custom:container-muxer-webm: aa71ff27fc2769a1b78a27578f13a17b -> 
  custom:container-demuxer-webm: 4f35f7cbe854078d1ac9338744f61a02 -> 
  custom:video-encoder-webm-vp8: eb34c28f22e8b96e1ab97ce403110664 -> 
  custom:audio-encoder-webm-vorbis: bf7c407c2cedff20999df2af8eb42d56 -> 
  custom:framework-win-MediaFoundation: 216162199b28c13a410421893ffa2e32 -> 
  custom:container-demuxer-ogg: 62fdf1f143b41e24485cea50d1cbac27 -> 
  custom:video-decoder-webm-vp8: 9c59270c3fd7afecdb556c50c9e8de78 -> 
  custom:audio-decoder-ogg-vorbis: bf7c407c2cedff20999df2af8eb42d56 -> 
========================================================================
Received Prepare
Registering precompiled user dll's ...
Registered in 0.009658 seconds.
Begin MonoManager ReloadAssembly
Symbol file LoadedFromMemory doesn't match image C:\Users\kylek\Desktop\Homework\2022-2023\Winter 22\INF 191a\2022_18m_web-based_game\NASA Psyche Game\Library\PackageCache\com.unity.visualscripting@1.8.0\Editor\VisualScripting.Core\Dependencies\YamlDotNet\Unity.VisualScripting.YamlDotNet.dll
Symbol file LoadedFromMemory doesn't match image C:\Users\kylek\Desktop\Homework\2022-2023\Winter 22\INF 191a\2022_18m_web-based_game\NASA Psyche Game\Library\PackageCache\com.unity.visualscripting@1.8.0\Editor\VisualScripting.Core\Dependencies\DotNetZip\Unity.VisualScripting.IonicZip.dll
Native extension for WindowsStandalone target not found
Refreshing native plugins compatible for Editor in 1.14 ms, found 4 plugins.
Preloading 0 native plugins for Editor in 0.00 ms.
Mono: successfully reloaded assembly
- Completed reload, in  1.559 seconds
Domain Reload Profiling:
	ReloadAssembly (1560ms)
		BeginReloadAssembly (157ms)
			ExecutionOrderSort (0ms)
			DisableScriptedObjects (10ms)
			BackupInstance (0ms)
			ReleaseScriptingObjects (0ms)
			CreateAndSetChildDomain (40ms)
		EndReloadAssembly (1264ms)
			LoadAssemblies (111ms)
			RebuildTransferFunctionScriptingTraits (0ms)
			SetupTypeCache (330ms)
			ReleaseScriptCaches (2ms)
			RebuildScriptCaches (56ms)
			SetupLoadedEditorAssemblies (700ms)
				LogAssemblyErrors (0ms)
				InitializePlatformSupportModulesInManaged (19ms)
				SetLoadedEditorAssemblies (1ms)
				RefreshPlugins (1ms)
				BeforeProcessingInitializeOnLoad (102ms)
				ProcessInitializeOnLoadAttributes (522ms)
				ProcessInitializeOnLoadMethodAttributes (45ms)
				AfterProcessingInitializeOnLoad (11ms)
				EditorAssembliesLoaded (0ms)
			ExecutionOrderSort2 (0ms)
			AwakeInstancesAfterBackupRestoration (11ms)
Platform modules already initialized, skipping
Refreshing native plugins compatible for Editor in 3.02 ms, found 4 plugins.
Preloading 0 native plugins for Editor in 0.00 ms.
Unloading 3737 Unused Serialized files (Serialized files now loaded: 0)
Unloading 27 unused Assets / (151.9 KB). Loaded Objects now: 4226.
Memory consumption went from 149.1 MB to 149.0 MB.
Total: 4.841300 ms (FindLiveObjects: 0.387400 ms CreateObjectMapping: 0.124100 ms MarkObjects: 4.137500 ms  DeleteObjects: 0.191000 ms)

AssetImportParameters requested are different than current active one (requested -> active):
  custom:video-decoder-ogg-theora: a1e56fd34408186e4bbccfd4996cb3dc -> 
  custom:container-muxer-webm: aa71ff27fc2769a1b78a27578f13a17b -> 
  custom:container-demuxer-webm: 4f35f7cbe854078d1ac9338744f61a02 -> 
  custom:video-encoder-webm-vp8: eb34c28f22e8b96e1ab97ce403110664 -> 
  custom:audio-encoder-webm-vorbis: bf7c407c2cedff20999df2af8eb42d56 -> 
  custom:framework-win-MediaFoundation: 216162199b28c13a410421893ffa2e32 -> 
  custom:container-demuxer-ogg: 62fdf1f143b41e24485cea50d1cbac27 -> 
  custom:video-decoder-webm-vp8: 9c59270c3fd7afecdb556c50c9e8de78 -> 
  custom:audio-decoder-ogg-vorbis: bf7c407c2cedff20999df2af8eb42d56 -> 
========================================================================
Received Prepare
Registering precompiled user dll's ...
Registered in 0.009306 seconds.
Begin MonoManager ReloadAssembly
Symbol file LoadedFromMemory doesn't match image C:\Users\kylek\Desktop\Homework\2022-2023\Winter 22\INF 191a\2022_18m_web-based_game\NASA Psyche Game\Library\PackageCache\com.unity.visualscripting@1.8.0\Editor\VisualScripting.Core\Dependencies\YamlDotNet\Unity.VisualScripting.YamlDotNet.dll
Symbol file LoadedFromMemory doesn't match image C:\Users\kylek\Desktop\Homework\2022-2023\Winter 22\INF 191a\2022_18m_web-based_game\NASA Psyche Game\Library\PackageCache\com.unity.visualscripting@1.8.0\Editor\VisualScripting.Core\Dependencies\DotNetZip\Unity.VisualScripting.IonicZip.dll
Native extension for WindowsStandalone target not found
Refreshing native plugins compatible for Editor in 0.99 ms, found 4 plugins.
Preloading 0 native plugins for Editor in 0.00 ms.
Mono: successfully reloaded assembly
- Completed reload, in  1.592 seconds
Domain Reload Profiling:
	ReloadAssembly (1593ms)
		BeginReloadAssembly (154ms)
			ExecutionOrderSort (0ms)
			DisableScriptedObjects (9ms)
			BackupInstance (0ms)
			ReleaseScriptingObjects (0ms)
			CreateAndSetChildDomain (39ms)
		EndReloadAssembly (1292ms)
			LoadAssemblies (114ms)
			RebuildTransferFunctionScriptingTraits (0ms)
			SetupTypeCache (313ms)
			ReleaseScriptCaches (2ms)
			RebuildScriptCaches (86ms)
			SetupLoadedEditorAssemblies (691ms)
				LogAssemblyErrors (0ms)
				InitializePlatformSupportModulesInManaged (19ms)
				SetLoadedEditorAssemblies (1ms)
				RefreshPlugins (1ms)
				BeforeProcessingInitializeOnLoad (105ms)
				ProcessInitializeOnLoadAttributes (504ms)
				ProcessInitializeOnLoadMethodAttributes (49ms)
				AfterProcessingInitializeOnLoad (11ms)
				EditorAssembliesLoaded (0ms)
			ExecutionOrderSort2 (0ms)
			AwakeInstancesAfterBackupRestoration (10ms)
Platform modules already initialized, skipping
Refreshing native plugins compatible for Editor in 3.37 ms, found 4 plugins.
Preloading 0 native plugins for Editor in 0.00 ms.
Unloading 3737 Unused Serialized files (Serialized files now loaded: 0)
Unloading 27 unused Assets / (152.3 KB). Loaded Objects now: 4229.
Memory consumption went from 149.1 MB to 149.0 MB.
Total: 4.706000 ms (FindLiveObjects: 0.424400 ms CreateObjectMapping: 0.254400 ms MarkObjects: 3.879500 ms  DeleteObjects: 0.146700 ms)

AssetImportParameters requested are different than current active one (requested -> active):
  custom:video-decoder-ogg-theora: a1e56fd34408186e4bbccfd4996cb3dc -> 
  custom:container-muxer-webm: aa71ff27fc2769a1b78a27578f13a17b -> 
  custom:container-demuxer-webm: 4f35f7cbe854078d1ac9338744f61a02 -> 
  custom:video-encoder-webm-vp8: eb34c28f22e8b96e1ab97ce403110664 -> 
  custom:audio-encoder-webm-vorbis: bf7c407c2cedff20999df2af8eb42d56 -> 
  custom:framework-win-MediaFoundation: 216162199b28c13a410421893ffa2e32 -> 
  custom:container-demuxer-ogg: 62fdf1f143b41e24485cea50d1cbac27 -> 
  custom:video-decoder-webm-vp8: 9c59270c3fd7afecdb556c50c9e8de78 -> 
  custom:audio-decoder-ogg-vorbis: bf7c407c2cedff20999df2af8eb42d56 -> 
========================================================================
Received Prepare
Registering precompiled user dll's ...
Registered in 0.007836 seconds.
Begin MonoManager ReloadAssembly
Symbol file LoadedFromMemory doesn't match image C:\Users\kylek\Desktop\Homework\2022-2023\Winter 22\INF 191a\2022_18m_web-based_game\NASA Psyche Game\Library\PackageCache\com.unity.visualscripting@1.8.0\Editor\VisualScripting.Core\Dependencies\YamlDotNet\Unity.VisualScripting.YamlDotNet.dll
Symbol file LoadedFromMemory doesn't match image C:\Users\kylek\Desktop\Homework\2022-2023\Winter 22\INF 191a\2022_18m_web-based_game\NASA Psyche Game\Library\PackageCache\com.unity.visualscripting@1.8.0\Editor\VisualScripting.Core\Dependencies\DotNetZip\Unity.VisualScripting.IonicZip.dll
Native extension for WindowsStandalone target not found
Refreshing native plugins compatible for Editor in 1.12 ms, found 4 plugins.
Preloading 0 native plugins for Editor in 0.00 ms.
Mono: successfully reloaded assembly
- Completed reload, in  1.567 seconds
Domain Reload Profiling:
	ReloadAssembly (1568ms)
		BeginReloadAssembly (160ms)
			ExecutionOrderSort (0ms)
			DisableScriptedObjects (9ms)
			BackupInstance (0ms)
			ReleaseScriptingObjects (0ms)
			CreateAndSetChildDomain (40ms)
		EndReloadAssembly (1280ms)
			LoadAssemblies (107ms)
			RebuildTransferFunctionScriptingTraits (0ms)
			SetupTypeCache (320ms)
			ReleaseScriptCaches (2ms)
			RebuildScriptCaches (66ms)
			SetupLoadedEditorAssemblies (709ms)
				LogAssemblyErrors (0ms)
				InitializePlatformSupportModulesInManaged (18ms)
				SetLoadedEditorAssemblies (1ms)
				RefreshPlugins (1ms)
				BeforeProcessingInitializeOnLoad (107ms)
				ProcessInitializeOnLoadAttributes (524ms)
				ProcessInitializeOnLoadMethodAttributes (48ms)
				AfterProcessingInitializeOnLoad (9ms)
				EditorAssembliesLoaded (0ms)
			ExecutionOrderSort2 (0ms)
			AwakeInstancesAfterBackupRestoration (11ms)
Platform modules already initialized, skipping
Refreshing native plugins compatible for Editor in 3.56 ms, found 4 plugins.
Preloading 0 native plugins for Editor in 0.00 ms.
Unloading 3737 Unused Serialized files (Serialized files now loaded: 0)
Unloading 27 unused Assets / (152.0 KB). Loaded Objects now: 4232.
Memory consumption went from 149.1 MB to 149.0 MB.
Total: 4.748200 ms (FindLiveObjects: 0.388000 ms CreateObjectMapping: 0.149100 ms MarkObjects: 4.050800 ms  DeleteObjects: 0.158700 ms)

AssetImportParameters requested are different than current active one (requested -> active):
  custom:video-decoder-ogg-theora: a1e56fd34408186e4bbccfd4996cb3dc -> 
  custom:container-muxer-webm: aa71ff27fc2769a1b78a27578f13a17b -> 
  custom:container-demuxer-webm: 4f35f7cbe854078d1ac9338744f61a02 -> 
  custom:video-encoder-webm-vp8: eb34c28f22e8b96e1ab97ce403110664 -> 
  custom:audio-encoder-webm-vorbis: bf7c407c2cedff20999df2af8eb42d56 -> 
  custom:framework-win-MediaFoundation: 216162199b28c13a410421893ffa2e32 -> 
  custom:container-demuxer-ogg: 62fdf1f143b41e24485cea50d1cbac27 -> 
  custom:video-decoder-webm-vp8: 9c59270c3fd7afecdb556c50c9e8de78 -> 
  custom:audio-decoder-ogg-vorbis: bf7c407c2cedff20999df2af8eb42d56 -> 
========================================================================
Received Import Request.
  Time since last request: 911.901188 seconds.
  path: Assets/Artwork/Tileset/shadowed-tile.png
  artifactKey: Guid(1e942dd10d6839b4f93e745a3dceabf0) Importer(815301076,1909f56bfc062723c751e8b465ee728b)
Start importing Assets/Artwork/Tileset/shadowed-tile.png using Guid(1e942dd10d6839b4f93e745a3dceabf0) Importer(815301076,1909f56bfc062723c751e8b465ee728b)  -> (artifact id: '95ca0b234a4190fe62c889ee10477a69') in 0.061417 seconds 
========================================================================
Received Import Request.
  Time since last request: 6.811104 seconds.
  path: Assets/Artwork/Tileset/shadowed-tile.png
  artifactKey: Guid(1e942dd10d6839b4f93e745a3dceabf0) Importer(815301076,1909f56bfc062723c751e8b465ee728b)
Start importing Assets/Artwork/Tileset/shadowed-tile.png using Guid(1e942dd10d6839b4f93e745a3dceabf0) Importer(815301076,1909f56bfc062723c751e8b465ee728b)  -> (artifact id: '48b9e27212c9cd92ebbb3d029e1d5227') in 0.010921 seconds 
========================================================================
Received Prepare
Registering precompiled user dll's ...
Registered in 0.009979 seconds.
Begin MonoManager ReloadAssembly
Symbol file LoadedFromMemory doesn't match image C:\Users\kylek\Desktop\Homework\2022-2023\Winter 22\INF 191a\2022_18m_web-based_game\NASA Psyche Game\Library\PackageCache\com.unity.visualscripting@1.8.0\Editor\VisualScripting.Core\Dependencies\YamlDotNet\Unity.VisualScripting.YamlDotNet.dll
Symbol file LoadedFromMemory doesn't match image C:\Users\kylek\Desktop\Homework\2022-2023\Winter 22\INF 191a\2022_18m_web-based_game\NASA Psyche Game\Library\PackageCache\com.unity.visualscripting@1.8.0\Editor\VisualScripting.Core\Dependencies\DotNetZip\Unity.VisualScripting.IonicZip.dll
Native extension for WindowsStandalone target not found
Refreshing native plugins compatible for Editor in 0.81 ms, found 4 plugins.
Preloading 0 native plugins for Editor in 0.00 ms.
Mono: successfully reloaded assembly
- Completed reload, in  1.521 seconds
Domain Reload Profiling:
	ReloadAssembly (1522ms)
		BeginReloadAssembly (156ms)
			ExecutionOrderSort (0ms)
			DisableScriptedObjects (9ms)
			BackupInstance (0ms)
			ReleaseScriptingObjects (0ms)
			CreateAndSetChildDomain (48ms)
		EndReloadAssembly (1235ms)
			LoadAssemblies (104ms)
			RebuildTransferFunctionScriptingTraits (0ms)
			SetupTypeCache (304ms)
			ReleaseScriptCaches (2ms)
			RebuildScriptCaches (75ms)
			SetupLoadedEditorAssemblies (664ms)
				LogAssemblyErrors (0ms)
				InitializePlatformSupportModulesInManaged (18ms)
				SetLoadedEditorAssemblies (1ms)
				RefreshPlugins (1ms)
				BeforeProcessingInitializeOnLoad (101ms)
				ProcessInitializeOnLoadAttributes (490ms)
				ProcessInitializeOnLoadMethodAttributes (44ms)
				AfterProcessingInitializeOnLoad (10ms)
				EditorAssembliesLoaded (0ms)
			ExecutionOrderSort2 (0ms)
			AwakeInstancesAfterBackupRestoration (10ms)
Platform modules already initialized, skipping
Refreshing native plugins compatible for Editor in 2.79 ms, found 4 plugins.
Preloading 0 native plugins for Editor in 0.00 ms.
Unloading 3737 Unused Serialized files (Serialized files now loaded: 0)
Unloading 27 unused Assets / (152.2 KB). Loaded Objects now: 4235.
Memory consumption went from 149.1 MB to 149.0 MB.
Total: 4.464000 ms (FindLiveObjects: 0.309800 ms CreateObjectMapping: 0.105000 ms MarkObjects: 3.896700 ms  DeleteObjects: 0.151500 ms)

AssetImportParameters requested are different than current active one (requested -> active):
  custom:video-decoder-ogg-theora: a1e56fd34408186e4bbccfd4996cb3dc -> 
  custom:container-muxer-webm: aa71ff27fc2769a1b78a27578f13a17b -> 
  custom:container-demuxer-webm: 4f35f7cbe854078d1ac9338744f61a02 -> 
  custom:video-encoder-webm-vp8: eb34c28f22e8b96e1ab97ce403110664 -> 
  custom:audio-encoder-webm-vorbis: bf7c407c2cedff20999df2af8eb42d56 -> 
  custom:framework-win-MediaFoundation: 216162199b28c13a410421893ffa2e32 -> 
  custom:container-demuxer-ogg: 62fdf1f143b41e24485cea50d1cbac27 -> 
  custom:video-decoder-webm-vp8: 9c59270c3fd7afecdb556c50c9e8de78 -> 
  custom:audio-decoder-ogg-vorbis: bf7c407c2cedff20999df2af8eb42d56 -> 
========================================================================
Received Import Request.
  Time since last request: 231.879646 seconds.
  path: Assets/Artwork/Tileset/top-shadow-floor.png
  artifactKey: Guid(b1fc03208dadd8c43affa79d4870f38d) Importer(815301076,1909f56bfc062723c751e8b465ee728b)
Start importing Assets/Artwork/Tileset/top-shadow-floor.png using Guid(b1fc03208dadd8c43affa79d4870f38d) Importer(815301076,1909f56bfc062723c751e8b465ee728b)  -> (artifact id: '270f97977fd518f8e93584accffbb3c3') in 0.066474 seconds 
========================================================================
Received Import Request.
  Time since last request: 3.567204 seconds.
  path: Assets/Artwork/Tileset/top-shadow-floor.png
  artifactKey: Guid(b1fc03208dadd8c43affa79d4870f38d) Importer(815301076,1909f56bfc062723c751e8b465ee728b)
Start importing Assets/Artwork/Tileset/top-shadow-floor.png using Guid(b1fc03208dadd8c43affa79d4870f38d) Importer(815301076,1909f56bfc062723c751e8b465ee728b)  -> (artifact id: '42957686795767b6530b3a7736f3b7b0') in 0.012011 seconds 
========================================================================
Received Prepare
Registering precompiled user dll's ...
Registered in 0.007965 seconds.
Begin MonoManager ReloadAssembly
Symbol file LoadedFromMemory doesn't match image C:\Users\kylek\Desktop\Homework\2022-2023\Winter 22\INF 191a\2022_18m_web-based_game\NASA Psyche Game\Library\PackageCache\com.unity.visualscripting@1.8.0\Editor\VisualScripting.Core\Dependencies\YamlDotNet\Unity.VisualScripting.YamlDotNet.dll
Symbol file LoadedFromMemory doesn't match image C:\Users\kylek\Desktop\Homework\2022-2023\Winter 22\INF 191a\2022_18m_web-based_game\NASA Psyche Game\Library\PackageCache\com.unity.visualscripting@1.8.0\Editor\VisualScripting.Core\Dependencies\DotNetZip\Unity.VisualScripting.IonicZip.dll
Native extension for WindowsStandalone target not found
Refreshing native plugins compatible for Editor in 0.87 ms, found 4 plugins.
Preloading 0 native plugins for Editor in 0.00 ms.
Mono: successfully reloaded assembly
- Completed reload, in  1.483 seconds
Domain Reload Profiling:
	ReloadAssembly (1484ms)
		BeginReloadAssembly (149ms)
			ExecutionOrderSort (0ms)
			DisableScriptedObjects (9ms)
			BackupInstance (0ms)
			ReleaseScriptingObjects (0ms)
			CreateAndSetChildDomain (39ms)
		EndReloadAssembly (1208ms)
			LoadAssemblies (99ms)
			RebuildTransferFunctionScriptingTraits (0ms)
			SetupTypeCache (315ms)
			ReleaseScriptCaches (2ms)
			RebuildScriptCaches (58ms)
			SetupLoadedEditorAssemblies (670ms)
				LogAssemblyErrors (0ms)
				InitializePlatformSupportModulesInManaged (16ms)
				SetLoadedEditorAssemblies (1ms)
				RefreshPlugins (1ms)
				BeforeProcessingInitializeOnLoad (102ms)
				ProcessInitializeOnLoadAttributes (489ms)
				ProcessInitializeOnLoadMethodAttributes (48ms)
				AfterProcessingInitializeOnLoad (13ms)
				EditorAssembliesLoaded (0ms)
			ExecutionOrderSort2 (0ms)
			AwakeInstancesAfterBackupRestoration (11ms)
Platform modules already initialized, skipping
Refreshing native plugins compatible for Editor in 3.10 ms, found 4 plugins.
Preloading 0 native plugins for Editor in 0.00 ms.
Unloading 3737 Unused Serialized files (Serialized files now loaded: 0)
Unloading 27 unused Assets / (153.2 KB). Loaded Objects now: 4238.
Memory consumption went from 149.1 MB to 149.0 MB.
Total: 4.369100 ms (FindLiveObjects: 0.321500 ms CreateObjectMapping: 0.103400 ms MarkObjects: 3.777100 ms  DeleteObjects: 0.165800 ms)

AssetImportParameters requested are different than current active one (requested -> active):
  custom:video-decoder-ogg-theora: a1e56fd34408186e4bbccfd4996cb3dc -> 
  custom:container-muxer-webm: aa71ff27fc2769a1b78a27578f13a17b -> 
  custom:container-demuxer-webm: 4f35f7cbe854078d1ac9338744f61a02 -> 
  custom:video-encoder-webm-vp8: eb34c28f22e8b96e1ab97ce403110664 -> 
  custom:audio-encoder-webm-vorbis: bf7c407c2cedff20999df2af8eb42d56 -> 
  custom:framework-win-MediaFoundation: 216162199b28c13a410421893ffa2e32 -> 
  custom:container-demuxer-ogg: 62fdf1f143b41e24485cea50d1cbac27 -> 
  custom:video-decoder-webm-vp8: 9c59270c3fd7afecdb556c50c9e8de78 -> 
  custom:audio-decoder-ogg-vorbis: bf7c407c2cedff20999df2af8eb42d56 -> 
========================================================================
Received Prepare
Registering precompiled user dll's ...
Registered in 0.008613 seconds.
Begin MonoManager ReloadAssembly
Symbol file LoadedFromMemory doesn't match image C:\Users\kylek\Desktop\Homework\2022-2023\Winter 22\INF 191a\2022_18m_web-based_game\NASA Psyche Game\Library\PackageCache\com.unity.visualscripting@1.8.0\Editor\VisualScripting.Core\Dependencies\YamlDotNet\Unity.VisualScripting.YamlDotNet.dll
Symbol file LoadedFromMemory doesn't match image C:\Users\kylek\Desktop\Homework\2022-2023\Winter 22\INF 191a\2022_18m_web-based_game\NASA Psyche Game\Library\PackageCache\com.unity.visualscripting@1.8.0\Editor\VisualScripting.Core\Dependencies\DotNetZip\Unity.VisualScripting.IonicZip.dll
Native extension for WindowsStandalone target not found
Refreshing native plugins compatible for Editor in 1.24 ms, found 4 plugins.
Preloading 0 native plugins for Editor in 0.00 ms.
Mono: successfully reloaded assembly
- Completed reload, in  1.546 seconds
Domain Reload Profiling:
	ReloadAssembly (1547ms)
		BeginReloadAssembly (146ms)
			ExecutionOrderSort (0ms)
			DisableScriptedObjects (9ms)
			BackupInstance (0ms)
			ReleaseScriptingObjects (0ms)
			CreateAndSetChildDomain (37ms)
		EndReloadAssembly (1267ms)
			LoadAssemblies (95ms)
			RebuildTransferFunctionScriptingTraits (0ms)
			SetupTypeCache (323ms)
			ReleaseScriptCaches (2ms)
			RebuildScriptCaches (66ms)
			SetupLoadedEditorAssemblies (705ms)
				LogAssemblyErrors (0ms)
				InitializePlatformSupportModulesInManaged (21ms)
				SetLoadedEditorAssemblies (1ms)
				RefreshPlugins (1ms)
				BeforeProcessingInitializeOnLoad (117ms)
				ProcessInitializeOnLoadAttributes (511ms)
				ProcessInitializeOnLoadMethodAttributes (44ms)
				AfterProcessingInitializeOnLoad (10ms)
				EditorAssembliesLoaded (0ms)
			ExecutionOrderSort2 (0ms)
			AwakeInstancesAfterBackupRestoration (10ms)
Platform modules already initialized, skipping
Refreshing native plugins compatible for Editor in 3.05 ms, found 4 plugins.
Preloading 0 native plugins for Editor in 0.00 ms.
Unloading 3737 Unused Serialized files (Serialized files now loaded: 0)
Unloading 27 unused Assets / (152.1 KB). Loaded Objects now: 4241.
Memory consumption went from 149.2 MB to 149.0 MB.
Total: 4.567200 ms (FindLiveObjects: 0.350900 ms CreateObjectMapping: 0.104900 ms MarkObjects: 3.919300 ms  DeleteObjects: 0.190900 ms)

AssetImportParameters requested are different than current active one (requested -> active):
  custom:video-decoder-ogg-theora: a1e56fd34408186e4bbccfd4996cb3dc -> 
  custom:container-muxer-webm: aa71ff27fc2769a1b78a27578f13a17b -> 
  custom:container-demuxer-webm: 4f35f7cbe854078d1ac9338744f61a02 -> 
  custom:video-encoder-webm-vp8: eb34c28f22e8b96e1ab97ce403110664 -> 
  custom:audio-encoder-webm-vorbis: bf7c407c2cedff20999df2af8eb42d56 -> 
  custom:framework-win-MediaFoundation: 216162199b28c13a410421893ffa2e32 -> 
  custom:container-demuxer-ogg: 62fdf1f143b41e24485cea50d1cbac27 -> 
  custom:video-decoder-webm-vp8: 9c59270c3fd7afecdb556c50c9e8de78 -> 
  custom:audio-decoder-ogg-vorbis: bf7c407c2cedff20999df2af8eb42d56 -> 
========================================================================
Received Prepare
Registering precompiled user dll's ...
Registered in 0.007606 seconds.
Begin MonoManager ReloadAssembly
Symbol file LoadedFromMemory doesn't match image C:\Users\kylek\Desktop\Homework\2022-2023\Winter 22\INF 191a\2022_18m_web-based_game\NASA Psyche Game\Library\PackageCache\com.unity.visualscripting@1.8.0\Editor\VisualScripting.Core\Dependencies\YamlDotNet\Unity.VisualScripting.YamlDotNet.dll
Symbol file LoadedFromMemory doesn't match image C:\Users\kylek\Desktop\Homework\2022-2023\Winter 22\INF 191a\2022_18m_web-based_game\NASA Psyche Game\Library\PackageCache\com.unity.visualscripting@1.8.0\Editor\VisualScripting.Core\Dependencies\DotNetZip\Unity.VisualScripting.IonicZip.dll
Native extension for WindowsStandalone target not found
Refreshing native plugins compatible for Editor in 0.84 ms, found 4 plugins.
Preloading 0 native plugins for Editor in 0.00 ms.
Mono: successfully reloaded assembly
- Completed reload, in  1.525 seconds
Domain Reload Profiling:
	ReloadAssembly (1526ms)
		BeginReloadAssembly (145ms)
			ExecutionOrderSort (0ms)
			DisableScriptedObjects (9ms)
			BackupInstance (0ms)
			ReleaseScriptingObjects (0ms)
			CreateAndSetChildDomain (36ms)
		EndReloadAssembly (1246ms)
			LoadAssemblies (94ms)
			RebuildTransferFunctionScriptingTraits (0ms)
			SetupTypeCache (307ms)
			ReleaseScriptCaches (2ms)
			RebuildScriptCaches (68ms)
			SetupLoadedEditorAssemblies (689ms)
				LogAssemblyErrors (0ms)
				InitializePlatformSupportModulesInManaged (20ms)
				SetLoadedEditorAssemblies (1ms)
				RefreshPlugins (1ms)
				BeforeProcessingInitializeOnLoad (124ms)
				ProcessInitializeOnLoadAttributes (490ms)
				ProcessInitializeOnLoadMethodAttributes (44ms)
				AfterProcessingInitializeOnLoad (10ms)
				EditorAssembliesLoaded (0ms)
			ExecutionOrderSort2 (0ms)
			AwakeInstancesAfterBackupRestoration (11ms)
Platform modules already initialized, skipping
Refreshing native plugins compatible for Editor in 3.38 ms, found 4 plugins.
Preloading 0 native plugins for Editor in 0.00 ms.
Unloading 3737 Unused Serialized files (Serialized files now loaded: 0)
Unloading 27 unused Assets / (152.0 KB). Loaded Objects now: 4244.
Memory consumption went from 149.2 MB to 149.0 MB.
Total: 5.169900 ms (FindLiveObjects: 0.435000 ms CreateObjectMapping: 0.167300 ms MarkObjects: 4.402400 ms  DeleteObjects: 0.163600 ms)

AssetImportParameters requested are different than current active one (requested -> active):
  custom:video-decoder-ogg-theora: a1e56fd34408186e4bbccfd4996cb3dc -> 
  custom:container-muxer-webm: aa71ff27fc2769a1b78a27578f13a17b -> 
  custom:container-demuxer-webm: 4f35f7cbe854078d1ac9338744f61a02 -> 
  custom:video-encoder-webm-vp8: eb34c28f22e8b96e1ab97ce403110664 -> 
  custom:audio-encoder-webm-vorbis: bf7c407c2cedff20999df2af8eb42d56 -> 
  custom:framework-win-MediaFoundation: 216162199b28c13a410421893ffa2e32 -> 
  custom:container-demuxer-ogg: 62fdf1f143b41e24485cea50d1cbac27 -> 
  custom:video-decoder-webm-vp8: 9c59270c3fd7afecdb556c50c9e8de78 -> 
  custom:audio-decoder-ogg-vorbis: bf7c407c2cedff20999df2af8eb42d56 -> 
